<?xml version="1.0" encoding="UTF-8"?>
<!-- Generated by org.testng.reporters.JUnitReportReporter -->
<testsuite skipped="0" hostname="XIPL0446" name="qa.ecommerceTest" tests="1" failures="0" timestamp="18 Jan 2020 08:31:37 GMT" time="505.229" errors="0">
  <testcase name="login" time="505.229" classname="qa.ecommerceTest"/>
</testsuite> <!-- qa.ecommerceTest -->
